<?xml version="1.0" encoding="UTF-8"?>
<!-- Generated by org.testng.reporters.JUnitReportReporter -->
<testsuite hostname="LAPTOP-1S9JIMTU" failures="0" tests="4" name="api.test.UserTests2" time="14.348" errors="0" timestamp="2023-05-12T10:06:02 IST" skipped="0">
  <testcase classname="api.test.UserTests2" name="testPostUser" time="5.499"/>
  <system-out/>
  <testcase classname="api.test.UserTests2" name="testGetUserByName" time="2.516"/>
  <system-out/>
  <testcase classname="api.test.UserTests2" name="testUpdateUserByName" time="4.290"/>
  <system-out/>
  <testcase classname="api.test.UserTests2" name="testDeleteUserByName" time="2.043"/>
  <system-out/>
</testsuite> <!-- api.test.UserTests2 -->
