<?xml version="1.0" encoding="UTF-8"?>
<!-- Generated by org.testng.reporters.JUnitReportReporter -->
<testsuite hostname="LAPTOP-1S9JIMTU" failures="0" tests="4" name="api.test.UserTests" time="9.772" errors="0" timestamp="2023-05-11T12:04:37 IST" skipped="0">
  <testcase classname="api.test.UserTests" name="testPostUser" time="3.341"/>
  <system-out/>
  <testcase classname="api.test.UserTests" name="testGetUserByName" time="1.596"/>
  <system-out/>
  <testcase classname="api.test.UserTests" name="testUpdateUserByName" time="3.247"/>
  <system-out/>
  <testcase classname="api.test.UserTests" name="testDeleteUserByName" time="1.588"/>
  <system-out/>
</testsuite> <!-- api.test.UserTests -->
