<?xml version="1.0" encoding="UTF-8"?>
<!-- Generated by org.testng.reporters.JUnitReportReporter -->
<testsuite hostname="LAPTOP-1S9JIMTU" failures="0" tests="6" name="api.test.DataDrivenTests" time="19.018" errors="0" timestamp="2023-05-10T13:05:28 IST" skipped="0">
  <testcase classname="api.test.DataDrivenTests" name="testPostuser" time="3.693"/>
  <system-out/>
  <testcase classname="api.test.DataDrivenTests" name="testPostuser" time="2.493"/>
  <system-out/>
  <testcase classname="api.test.DataDrivenTests" name="testPostuser" time="4.794"/>
  <system-out/>
  <testcase classname="api.test.DataDrivenTests" name="testDeleteUserByName" time="2.148"/>
  <system-out/>
  <testcase classname="api.test.DataDrivenTests" name="testDeleteUserByName" time="3.377"/>
  <system-out/>
  <testcase classname="api.test.DataDrivenTests" name="testDeleteUserByName" time="2.513"/>
  <system-out/>
</testsuite> <!-- api.test.DataDrivenTests -->
