<?xml version="1.0" encoding="UTF-8"?>
<!-- Generated by org.testng.reporters.JUnitReportReporter -->
<testsuite hostname="LAPTOP-1S9JIMTU" failures="0" tests="4" name="api.test.UserTests" time="8.193" errors="0" timestamp="2023-05-12T11:08:20 IST" skipped="0">
  <testcase classname="api.test.UserTests" name="testPostUser" time="1.794"/>
  <system-out/>
  <testcase classname="api.test.UserTests" name="testGetUserByName" time="1.631"/>
  <system-out/>
  <testcase classname="api.test.UserTests" name="testUpdateUserByName" time="3.161"/>
  <system-out/>
  <testcase classname="api.test.UserTests" name="testDeleteUserByName" time="1.607"/>
  <system-out/>
</testsuite> <!-- api.test.UserTests -->
