<?xml version="1.0" encoding="UTF-8"?>
<!-- Generated by org.testng.reporters.JUnitReportReporter -->
<testsuite hostname="LAPTOP-1S9JIMTU" failures="0" tests="6" name="api.test.DataDrivenTests" time="12.467" errors="0" timestamp="2023-05-12T11:08:20 IST" skipped="0">
  <testcase classname="api.test.DataDrivenTests" name="testPostuser" time="4.405"/>
  <system-out/>
  <testcase classname="api.test.DataDrivenTests" name="testPostuser" time="1.570"/>
  <system-out/>
  <testcase classname="api.test.DataDrivenTests" name="testPostuser" time="1.599"/>
  <system-out/>
  <testcase classname="api.test.DataDrivenTests" name="testDeleteUserByName" time="1.598"/>
  <system-out/>
  <testcase classname="api.test.DataDrivenTests" name="testDeleteUserByName" time="1.602"/>
  <system-out/>
  <testcase classname="api.test.DataDrivenTests" name="testDeleteUserByName" time="1.693"/>
  <system-out/>
</testsuite> <!-- api.test.DataDrivenTests -->
